<?xml version="1.0" encoding="UTF-8"?>
<!-- Generated by org.testng.reporters.JUnitReportReporter -->
<testsuite hostname="DESKTOP-AON28TC" failures="0" tests="3" name="tests.HomePageTest" time="5.105" errors="0" timestamp="2022-08-13T15:35:52 IST" skipped="0">
  <testcase classname="tests.HomePageTest" name="goToTab" time="2.918"/>
  <system-out/>
  <testcase classname="tests.HomePageTest" name="logout" time="2.168"/>
  <system-out/>
  <testcase classname="tests.HomePageTest" name="verifyTitle" time="0.019"/>
  <system-out/>
</testsuite> <!-- tests.HomePageTest -->
