<?xml version="1.0" encoding="UTF-8"?>
<!-- Generated by org.testng.reporters.JUnitReportReporter -->
<testsuite hostname="DESKTOP-AON28TC" failures="0" tests="3" name="tests.HomePageTest" time="0.000" errors="0" timestamp="2022-08-13T15:03:41 IST" skipped="3">
  <testcase classname="tests.HomePageTest" name="goToTab" time="0.000">
    <skipped/>
  </testcase> <!-- goToTab -->
  <system-out/>
  <testcase classname="tests.HomePageTest" name="logout" time="0.000">
    <skipped/>
  </testcase> <!-- logout -->
  <system-out/>
  <testcase classname="tests.HomePageTest" name="verifyTitle" time="0.000">
    <skipped/>
  </testcase> <!-- verifyTitle -->
  <system-out/>
</testsuite> <!-- tests.HomePageTest -->
